app/build/outputs/mapping/release/seeds.txt
com.lgh.tapclick.myactivity.SettingActivity
com.lgh.tapclick.mybean.CoordinateShare: com.lgh.tapclick.mybean.BasicContent basicContent
com.lgh.tapclick.mybean.LatestMessage$Asset: LatestMessage$Asset()
com.lgh.tapclick.myfunction.MyAccessibilityServiceNoGesture: MyAccessibilityServiceNoGesture()
com.lgh.tapclick.mybean.RegulationExport: java.lang.String fingerPrint
com.lgh.tapclick.mybean.RegulationExport
com.lgh.tapclick.mybean.LatestMessage$Uploader
com.lgh.tapclick.myclass.MyDatabase_Impl: MyDatabase_Impl()
com.lgh.tapclick.mybean.Widget: long createTime
com.lgh.tapclick.mybean.Coordinate: java.lang.String comment
com.lgh.tapclick.mybean.AppDescribe: boolean coordinateOnOff
com.lgh.tapclick.mybean.AppDescribe: java.util.List coordinateList
com.lgh.tapclick.mybean.BasicContent: android.util.DisplayMetrics displayMetrics
com.lgh.tapclick.mybean.Regulation: Regulation()
com.lgh.tapclick.mybean.LatestMessage
com.lgh.tapclick.mybean.Regulation
com.lgh.tapclick.mybean.BasicContent: java.lang.String packageName
com.lgh.tapclick.myfunction.MyAccessibilityService
com.lgh.tapclick.mybean.LatestMessage$Author: java.lang.String site_admin
com.lgh.tapclick.myactivity.MainActivity
com.lgh.tapclick.mybean.LatestMessage$Asset: java.lang.String name
com.lgh.tapclick.myactivity.SettingActivity: SettingActivity()
com.lgh.tapclick.mybean.WidgetShare: com.lgh.tapclick.mybean.Widget widget
com.lgh.tapclick.mybean.BasicContent: int versionCode
com.lgh.tapclick.mybean.Widget: java.lang.String widgetText
com.lgh.tapclick.mybean.CoordinateShare: com.lgh.tapclick.mybean.Coordinate coordinate
com.lgh.tapclick.mybean.LatestMessage$Asset: com.lgh.tapclick.mybean.LatestMessage$Uploader uploader
com.lgh.tapclick.mybean.LatestMessage$Author: java.lang.String repos_url
com.lgh.tapclick.mybean.LatestMessage$Author: java.lang.String following_url
com.lgh.tapclick.mybean.Widget: java.lang.String widgetId
com.lgh.tapclick.mybean.Coordinate: java.lang.Integer id
com.lgh.tapclick.mybean.CoordinateShare: CoordinateShare()
com.lgh.tapclick.myclass.MyDatabase: MyDatabase()
com.lgh.tapclick.mybean.LatestMessage$Author: java.lang.String received_events_url
com.lgh.tapclick.mybean.LatestMessage$Uploader: java.lang.String type
com.lgh.tapclick.myactivity.RegulationImportActivity: RegulationImportActivity()
com.lgh.tapclick.myactivity.UpdateActivity
com.lgh.tapclick.mybean.AppDescribe: boolean coordinateRetrieveAllTime
com.lgh.tapclick.mybean.LatestMessage$Asset: java.lang.String created_at
com.lgh.tapclick.mybean.AppDescribe: void copy(com.lgh.tapclick.mybean.AppDescribe)
com.lgh.tapclick.mybean.LatestMessage$Author: java.lang.String followers_url
com.lgh.tapclick.myactivity.BaseActivity
com.lgh.tapclick.mybean.LatestMessage$Author: java.lang.String organizations_url
com.lgh.tapclick.mybean.Widget: int clickInterval
com.lgh.tapclick.mybean.LatestMessage: java.lang.String zipball_url
com.lgh.tapclick.mybean.LatestMessage$Author: java.lang.String gists_url
com.lgh.tapclick.mybean.Widget: int clickDelay
com.lgh.tapclick.mybean.LatestMessage$Author: java.lang.String url
com.lgh.tapclick.mybean.Widget: int clickNumber
com.lgh.tapclick.mybean.LatestMessage$Asset: java.lang.String id
com.lgh.tapclick.mybean.LatestMessage$Asset: java.lang.String content_type
com.lgh.tapclick.myactivity.ExceptionReportActivity
com.lgh.tapclick.mybean.Coordinate: boolean equals(java.lang.Object)
com.lgh.tapclick.mybean.LatestMessage$Uploader: java.lang.String gravatar_id
com.lgh.tapclick.myactivity.EditDataActivity: EditDataActivity()
com.lgh.tapclick.mybean.LatestMessage: java.lang.String upload_url
com.lgh.tapclick.mybean.Coordinate: Coordinate(com.lgh.tapclick.mybean.Coordinate)
com.lgh.tapclick.mybean.LatestMessage$Asset: java.lang.String download_count
com.lgh.tapclick.mybean.Widget: Widget()
com.lgh.tapclick.myfunction.MyTileService
com.lgh.tapclick.mybean.Coordinate: int hashCode()
com.lgh.tapclick.mybean.LatestMessage$Uploader: java.lang.String repos_url
...
com.google.android.material.behavior.HideBottomViewOnScrollBehavior: HideBottomViewOnScrollBehavior(android.content.Context,android.util.AttributeSet)
androidx.appcompat.widget.AppCompatEditText: android.view.ActionMode$Callback getCustomSelectionActionModeCallback()
androidx.core.content.ContextCompat$Api23Impl: int getColor(android.content.Context,int)
androidx.appcompat.widget.Toolbar: void setTitle(java.lang.CharSequence)
androidx.appcompat.widget.SwitchCompat: void setSplitTrack(boolean)
androidx.appcompat.widget.ContentFrameLayout: android.util.TypedValue getMinWidthMajor()
androidx.coordinatorlayout.widget.CoordinatorLayout: java.util.List getDependencySortedChildren()
com.google.android.material.internal.ForegroundLinearLayout: void setForegroundGravity(int)
androidx.appcompat.widget.AlertDialogLayout
androidx.appcompat.widget.AppCompatImageButton: void setBackgroundDrawable(android.graphics.drawable.Drawable)
com.google.android.material.internal.NavigationMenuItemView: androidx.appcompat.view.menu.MenuItemImpl getItemData()
androidx.lifecycle.ReportFragment$LifecycleCallbacks: void onActivityPostStarted(android.app.Activity)
androidx.core.widget.TextViewCompat$Api17Impl: void setCompoundDrawablesRelativeWithIntrinsicBounds(android.widget.TextView,android.graphics.drawable.Drawable,android.graphics.drawable.Drawable,android.graphics.drawable.Drawable,android.graphics.drawable.Drawable)
kotlinx.coroutines.scheduling.CoroutineScheduler$Worker: int workerCtl
androidx.appcompat.widget.AppCompatAutoCompleteTextView: void setSupportCompoundDrawablesTintMode(android.graphics.PorterDuff$Mode)
androidx.core.view.ViewCompat$Api17Impl: int getPaddingStart(android.view.View)
androidx.appcompat.widget.AppCompatImageView
androidx.core.widget.NestedScrollView: void setOnScrollChangeListener(androidx.core.widget.NestedScrollView$OnScrollChangeListener)
androidx.appcompat.widget.AppCompatImageView: void setBackgroundResource(int)
com.google.android.material.circularreveal.cardview.CircularRevealCardView: void setRevealInfo(com.google.android.material.circularreveal.CircularRevealWidget$RevealInfo)
androidx.appcompat.widget.AppCompatToggleButton: void setFilters(android.text.InputFilter[])
com.google.android.material.appbar.AppBarLayout: int getTotalScrollRange()
androidx.recyclerview.widget.RecyclerView: void setViewCacheExtension(androidx.recyclerview.widget.RecyclerView$ViewCacheExtension)
androidx.recyclerview.widget.LinearLayoutManager: LinearLayoutManager(android.content.Context,android.util.AttributeSet,int,int)
com.google.android.material.chip.Chip: void setCloseIconEndPaddingResource(int)
androidx.core.widget.NestedScrollView: float getVerticalScrollFactorCompat()
androidx.versionedparcelable.CustomVersionedParcelable
androidx.appcompat.widget.SearchView: int getInputType()
com.google.android.material.chip.Chip: void setMinLines(int)
com.google.android.material.internal.CheckableImageButton$SavedState: android.os.Parcelable$Creator CREATOR
androidx.coordinatorlayout.widget.CoordinatorLayout$Behavior: CoordinatorLayout$Behavior()
androidx.appcompat.widget.Toolbar: void setSubtitleTextColor(android.content.res.ColorStateList)
androidx.appcompat.widget.ViewStubCompat: void setOnInflateListener(androidx.appcompat.widget.ViewStubCompat$OnInflateListener)
com.google.android.material.datepicker.DateValidatorPointForward: android.os.Parcelable$Creator CREATOR
org.apache.commons.io.StandardLineSeparator: org.apache.commons.io.StandardLineSeparator valueOf(java.lang.String)
androidx.appcompat.widget.AppCompatImageButton: void setImageResource(int)
com.google.android.material.textfield.TextInputLayout: float getBoxCornerRadiusBottomStart()
com.google.android.material.textfield.TextInputLayout: void setEnabled(boolean)
com.google.android.material.floatingactionbutton.FloatingActionButton: androidx.coordinatorlayout.widget.CoordinatorLayout$Behavior getBehavior()