app/build/outputs/mapping/release/usage.txt
com.lgh.tapclick.myclass.MyTypeConverter:
    public void <init>()
com.lgh.advertising.tapclick.R$plurals
com.lgh.advertising.tapclick.R$drawable
com.lgh.advertising.tapclick.databinding.ActivityMoreMessageBinding:
    public synthetic bridge android.view.View getRoot()
com.lgh.advertising.tapclick.R$anim
com.lgh.advertising.tapclick.databinding.ActivityRegulationImportBinding:
    public synthetic bridge android.view.View getRoot()
com.lgh.advertising.tapclick.R$id
com.lgh.advertising.tapclick.databinding.ActivityUpdateBinding:
    public synthetic bridge android.view.View getRoot()
com.lgh.advertising.tapclick.R$dimen
com.lgh.advertising.tapclick.R$style
com.lgh.advertising.tapclick.R$string
com.lgh.advertising.tapclick.R$layout
com.lgh.advertising.tapclick.databinding.ViewPrivacyAgreementBinding:
    public synthetic bridge android.view.View getRoot()
com.lgh.advertising.tapclick.R$xml
com.lgh.advertising.tapclick.databinding.ViewItemImportBinding:
    public static com.lgh.advertising.tapclick.databinding.ViewItemImportBinding inflate(android.view.LayoutInflater)
    public synthetic bridge android.view.View getRoot()
com.lgh.advertising.tapclick.databinding.ViewCoordinateBinding:
    public synthetic bridge android.view.View getRoot()
com.lgh.advertising.tapclick.R$color
com.lgh.advertising.tapclick.databinding.ActivityLogBinding:
    public synthetic bridge android.view.View getRoot()
com.lgh.advertising.tapclick.R
com.lgh.advertising.tapclick.databinding.ViewWidgetBinding:
    public synthetic bridge android.view.View getRoot()
com.lgh.advertising.tapclick.databinding.ViewAddWarningBinding:
    public synthetic bridge android.view.View getRoot()
com.lgh.advertising.tapclick.databinding.ViewAddDataBinding:
    public synthetic bridge android.view.View getRoot()
com.lgh.advertising.tapclick.databinding.ViewNewRuleBinding:
    public synthetic bridge android.view.View getRoot()
com.lgh.advertising.tapclick.databinding.ActivityAddDataBinding:
    public synthetic bridge android.view.View getRoot()
com.lgh.advertising.tapclick.databinding.ViewWidgetSelectBinding:
    public synthetic bridge android.view.View getRoot()
com.lgh.advertising.tapclick.databinding.ViewEditFileNameBinding:
    public synthetic bridge android.view.View getRoot()
com.lgh.advertising.tapclick.BuildConfig
com.lgh.advertising.tapclick.databinding.ActivitySettingBinding:
    public synthetic bridge android.view.View getRoot()
com.lgh.advertising.tapclick.R$interpolator
com.lgh.advertising.tapclick.databinding.ViewDbClickSettingBinding:
    public synthetic bridge android.view.View getRoot()
com.lgh.advertising.tapclick.R$styleable
com.lgh.advertising.tapclick.R$attr
com.lgh.tapclick.myclass.MyDatabase_Impl:
    public void clearAllTables()
com.lgh.advertising.tapclick.databinding.ViewOnOffWarningBinding:
    public synthetic bridge android.view.View getRoot()
com.lgh.advertising.tapclick.databinding.ActivityListDataBinding:
    public synthetic bridge android.view.View getRoot()
com.lgh.advertising.tapclick.databinding.ActivityMainBinding:
    public synthetic bridge android.view.View getRoot()
com.lgh.advertising.tapclick.databinding.ActivityEditDataBinding:
    public synthetic bridge android.view.View getRoot()
com.lgh.advertising.tapclick.databinding.ActivityAuthorizationBinding:
    public synthetic bridge android.view.View getRoot()
com.lgh.advertising.tapclick.databinding.ViewBaseSettingBinding:
    public synthetic bridge android.view.View getRoot()
com.lgh.advertising.tapclick.R$bool
com.lgh.advertising.tapclick.R$animator
com.lgh.advertising.tapclick.databinding.ViewItemAppBinding:
    public static com.lgh.advertising.tapclick.databinding.ViewItemAppBinding inflate(android.view.LayoutInflater)
    public synthetic bridge android.view.View getRoot()
com.lgh.advertising.tapclick.databinding.ActivityExceptionReportBinding:
    public synthetic bridge android.view.View getRoot()
...
io.reactivex.rxjava3.schedulers.Schedulers$NewThreadTask
androidx.recyclerview.widget.RecyclerView$SmoothScroller:
    public void start(androidx.recyclerview.widget.RecyclerView,androidx.recyclerview.widget.RecyclerView$LayoutManager)
    public void setTargetPosition(int)
    public androidx.recyclerview.widget.RecyclerView$LayoutManager getLayoutManager()
    public boolean isPendingInitialRun()
    public boolean isRunning()
    public int getTargetPosition()
    public int getChildPosition(android.view.View)
    public int getChildCount()
    public android.view.View findViewByPosition(int)
    public void onChildAttachedToWindow(android.view.View)
    public void normalize(android.graphics.PointF)
    public abstract void onStart()
    public abstract void onStop()
    public abstract void onSeekTargetStep(int,int,androidx.recyclerview.widget.RecyclerView$State,androidx.recyclerview.widget.RecyclerView$SmoothScroller$Action)
kotlinx.coroutines.internal.ScopeCoroutine:
    public final java.lang.StackTraceElement getStackTraceElement()
    public final kotlin.coroutines.Continuation uCont
okhttp3.Request:
    public final okhttp3.HttpUrl url()
    public final java.lang.String method()
    public final okhttp3.Headers headers()
    public final okhttp3.RequestBody body()
    public final java.util.Map getTags$okhttp()
    public final boolean isHttps()
    public final java.lang.Object tag(java.lang.Class)
    public final okhttp3.Request$Builder newBuilder()
androidx.transition.Fade:
    public static float getStartAlpha(androidx.transition.TransitionValues,float)
    public android.animation.Animator onAppear(android.view.ViewGroup,android.view.View,androidx.transition.TransitionValues,androidx.transition.TransitionValues)
okhttp3.CacheControl$Companion:
    public void <init>()
kotlin.jvm.internal.Lambda:
    public final int arity
androidx.sqlite.db.SimpleSQLiteQuery:
    public void <init>(java.lang.String,java.lang.Object[])
    public static void bind(androidx.sqlite.db.SupportSQLiteProgram,java.lang.Object[])
    public static void bind(androidx.sqlite.db.SupportSQLiteProgram,int,java.lang.Object)
    public final java.lang.Object[] mBindArgs
androidx.lifecycle.ProcessLifecycleInitializer:
    public androidx.lifecycle.LifecycleOwner create(android.content.Context)
androidx.appcompat.app.WindowDecorActionBar:
    public static boolean checkShowingFlags(boolean,boolean,boolean)
    public final androidx.appcompat.widget.DecorToolbar getDecorToolbar(android.view.View)
    public final void showForActionMode()
    public final void hideForActionMode()
    public final boolean shouldAnimateContextView()
    public void setElevation(float)
    public void onConfigurationChanged(android.content.res.Configuration)
    public void completeDeferredDestroyActionMode()
    public void onWindowVisibilityChanged(int)
    public void setShowHideAnimationEnabled(boolean)
    public void setDisplayHomeAsUpEnabled(boolean)
    public void setHomeButtonEnabled(boolean)
    public void setWindowTitle(java.lang.CharSequence)
    public void setDisplayOptions(int,int)
    public int getNavigationMode()
    public int getDisplayOptions()
    public androidx.appcompat.view.ActionMode startActionMode(androidx.appcompat.view.ActionMode$Callback)
    public void enableContentAnimations(boolean)
    public void showForSystem()
    public void hideForSystem()
    public void setHideOnContentScrollEnabled(boolean)
    public void doShow(boolean)
    public void doHide(boolean)
    public void onContentScrollStarted()
    public void onContentScrollStopped()
    public boolean collapseActionView()
    public boolean onKeyShortcut(int,android.view.KeyEvent)
    public android.app.Activity mActivity